<?xml version="1.0" encoding="UTF-8"?>
<!-- Generated by org.testng.reporters.JUnitXMLReporter -->
<testsuite ignored="0" hostname="NWKS0540" failures="0" tests="4" name="Casos de Pruebas Nuevos" time="0.007" errors="0" timestamp="2023-01-24T17:39:34 ART">
  <testcase classname="anotacionestestng.TercerSet" name="tercerSetPruebaCuatro" time="0.0"/>
  <testcase classname="anotacionestestng.TercerSet" name="tercerSetPruebaDos" time="0.0"/>
  <testcase classname="anotacionestestng.TercerSet" name="tercerSetPruebaTres" time="0.0"/>
  <testcase classname="anotacionestestng.TercerSet" name="tercerSetPruebaUno" time="0.0"/>
</testsuite> <!-- Casos de Pruebas Nuevos -->
