<?xml version="1.0" encoding="UTF-8"?>
<!-- Generated by org.testng.reporters.JUnitXMLReporter -->
<testsuite ignored="0" hostname="NWKS0540" failures="0" tests="8" name="Casos de Pruebas Anotaciones" time="0.066" errors="0" timestamp="2023-01-24T13:16:23 ART">
  <testcase classname="anotacionestestng.AnotacionesBasicas" name="pruebaUno" time="0.003"/>
  <testcase classname="anotacionestestng.AnotacionesBasicas" name="pruebaDos" time="0.001"/>
  <testcase classname="anotacionestestng.SegundoSet" name="clickAlCarrito" time="0.001"/>
  <testcase classname="anotacionestestng.SegundoSet" name="clickAlHomePage" time="0.001"/>
  <testcase classname="anotacionestestng.SegundoSet" name="clickAlUsuario" time="0.002"/>
  <testcase classname="anotacionestestng.SegundoSet" name="pruebaCinco" time="0.002"/>
  <testcase classname="anotacionestestng.SegundoSet" name="pruebaTres" time="0.004"/>
  <testcase classname="anotacionestestng.SegundoSet" name="pruebaCuatro" time="0.001"/>
</testsuite> <!-- Casos de Pruebas Anotaciones -->
